[2.197s] DEBUG:colcon:Command line arguments: ['/usr/bin/colcon', 'build', '--symlink-install', '--packages-select', 'tms_ur_speaker']
[2.197s] DEBUG:colcon:Parsed command line arguments: Namespace(ament_cmake_args=None, base_paths='.', build_base='build', catkin_cmake_args=None, catkin_skip_building_tests=False, cmake_args=None, cmake_clean_cache=False, cmake_clean_first=False, cmake_force_configure=False, cmake_target=None, cmake_target_skip_unavailable=False, continue_on_error=False, event_handlers=None, executor='parallel', ignore_user_meta=False, install_base='install', log_base='log', log_level=None, main=<bound method BuildVerb.main of <colcon_core.verb.build.BuildVerb object at 0x7ff1859d5da0>>, merge_install=False, metas='./colcon.meta', packages_above=None, packages_above_depth=None, packages_end=None, packages_ignore=None, packages_ignore_regex=None, packages_select=['tms_ur_speaker'], packages_select_build_failed=False, packages_select_by_dep=None, packages_select_regex=None, packages_select_test_failures=False, packages_skip=None, packages_skip_build_finished=False, packages_skip_by_dep=None, packages_skip_regex=None, packages_skip_test_passed=False, packages_skip_up_to=None, packages_start=None, packages_up_to=None, parallel_workers=12, paths=None, symlink_install=True, test_result_base=None, verb_extension=<colcon_core.verb.build.BuildVerb object at 0x7ff1859d5da0>, verb_name='build', verb_parser=<colcon_defaults.argument_parser.defaults.DefaultArgumentsDecorator object at 0x7ff1859e3358>)
[2.485s] Level 1:colcon.colcon_core.package_discovery:discover_packages(colcon_meta) check parameters
[2.486s] Level 1:colcon.colcon_core.package_discovery:discover_packages(recursive) check parameters
[2.486s] Level 1:colcon.colcon_core.package_discovery:discover_packages(ignore) check parameters
[2.486s] Level 1:colcon.colcon_core.package_discovery:discover_packages(path) check parameters
[2.486s] Level 1:colcon.colcon_core.package_discovery:discover_packages(recursive) discover
[2.486s] INFO:colcon.colcon_core.package_discovery:Crawling recursively for packages in '/home/itsuka/ros2_ws/src/backup_ros2_tms-feature_vicon'
[2.486s] Level 1:colcon.colcon_core.package_identification:_identify(/home/itsuka/ros2_ws/src/backup_ros2_tms-feature_vicon) by extensions ['ignore', 'ignore_ament_install']
[2.486s] Level 1:colcon.colcon_core.package_identification:_identify(/home/itsuka/ros2_ws/src/backup_ros2_tms-feature_vicon) by extension 'ignore'
[2.487s] Level 1:colcon.colcon_core.package_identification:_identify(/home/itsuka/ros2_ws/src/backup_ros2_tms-feature_vicon) by extension 'ignore_ament_install'
[2.487s] Level 1:colcon.colcon_core.package_identification:_identify(/home/itsuka/ros2_ws/src/backup_ros2_tms-feature_vicon) by extensions ['colcon_pkg']
[2.487s] Level 1:colcon.colcon_core.package_identification:_identify(/home/itsuka/ros2_ws/src/backup_ros2_tms-feature_vicon) by extension 'colcon_pkg'
[2.487s] Level 1:colcon.colcon_core.package_identification:_identify(/home/itsuka/ros2_ws/src/backup_ros2_tms-feature_vicon) by extensions ['colcon_meta']
[2.487s] Level 1:colcon.colcon_core.package_identification:_identify(/home/itsuka/ros2_ws/src/backup_ros2_tms-feature_vicon) by extension 'colcon_meta'
[2.487s] Level 1:colcon.colcon_core.package_identification:_identify(/home/itsuka/ros2_ws/src/backup_ros2_tms-feature_vicon) by extensions ['ros']
[2.487s] Level 1:colcon.colcon_core.package_identification:_identify(/home/itsuka/ros2_ws/src/backup_ros2_tms-feature_vicon) by extension 'ros'
[2.544s] Level 1:colcon.colcon_core.package_identification:_identify(/home/itsuka/ros2_ws/src/backup_ros2_tms-feature_vicon) by extensions ['cmake', 'python']
[2.544s] Level 1:colcon.colcon_core.package_identification:_identify(/home/itsuka/ros2_ws/src/backup_ros2_tms-feature_vicon) by extension 'cmake'
[2.544s] Level 1:colcon.colcon_core.package_identification:_identify(/home/itsuka/ros2_ws/src/backup_ros2_tms-feature_vicon) by extension 'python'
[2.545s] Level 1:colcon.colcon_core.package_identification:_identify(/home/itsuka/ros2_ws/src/backup_ros2_tms-feature_vicon) by extensions ['python_setup_py']
[2.545s] Level 1:colcon.colcon_core.package_identification:_identify(/home/itsuka/ros2_ws/src/backup_ros2_tms-feature_vicon) by extension 'python_setup_py'
[2.545s] Level 1:colcon.colcon_core.package_identification:_identify(/home/itsuka/ros2_ws/src/backup_ros2_tms-feature_vicon/build) by extensions ['ignore', 'ignore_ament_install']
[2.545s] Level 1:colcon.colcon_core.package_identification:_identify(/home/itsuka/ros2_ws/src/backup_ros2_tms-feature_vicon/build) by extension 'ignore'
[2.545s] Level 1:colcon.colcon_core.package_identification:_identify(/home/itsuka/ros2_ws/src/backup_ros2_tms-feature_vicon/build) ignored
[2.545s] Level 1:colcon.colcon_core.package_identification:_identify(/home/itsuka/ros2_ws/src/backup_ros2_tms-feature_vicon/install) by extensions ['ignore', 'ignore_ament_install']
[2.546s] Level 1:colcon.colcon_core.package_identification:_identify(/home/itsuka/ros2_ws/src/backup_ros2_tms-feature_vicon/install) by extension 'ignore'
[2.546s] Level 1:colcon.colcon_core.package_identification:_identify(/home/itsuka/ros2_ws/src/backup_ros2_tms-feature_vicon/install) ignored
[2.546s] Level 1:colcon.colcon_core.package_identification:_identify(/home/itsuka/ros2_ws/src/backup_ros2_tms-feature_vicon/log) by extensions ['ignore', 'ignore_ament_install']
[2.546s] Level 1:colcon.colcon_core.package_identification:_identify(/home/itsuka/ros2_ws/src/backup_ros2_tms-feature_vicon/log) by extension 'ignore'
[2.546s] Level 1:colcon.colcon_core.package_identification:_identify(/home/itsuka/ros2_ws/src/backup_ros2_tms-feature_vicon/log) ignored
[2.546s] Level 1:colcon.colcon_core.package_identification:_identify(/home/itsuka/ros2_ws/src/backup_ros2_tms-feature_vicon/tms_db) by extensions ['ignore', 'ignore_ament_install']
[2.546s] Level 1:colcon.colcon_core.package_identification:_identify(/home/itsuka/ros2_ws/src/backup_ros2_tms-feature_vicon/tms_db) by extension 'ignore'
[2.547s] Level 1:colcon.colcon_core.package_identification:_identify(/home/itsuka/ros2_ws/src/backup_ros2_tms-feature_vicon/tms_db) by extension 'ignore_ament_install'
[2.547s] Level 1:colcon.colcon_core.package_identification:_identify(/home/itsuka/ros2_ws/src/backup_ros2_tms-feature_vicon/tms_db) by extensions ['colcon_pkg']
[2.547s] Level 1:colcon.colcon_core.package_identification:_identify(/home/itsuka/ros2_ws/src/backup_ros2_tms-feature_vicon/tms_db) by extension 'colcon_pkg'
[2.547s] Level 1:colcon.colcon_core.package_identification:_identify(/home/itsuka/ros2_ws/src/backup_ros2_tms-feature_vicon/tms_db) by extensions ['colcon_meta']
[2.547s] Level 1:colcon.colcon_core.package_identification:_identify(/home/itsuka/ros2_ws/src/backup_ros2_tms-feature_vicon/tms_db) by extension 'colcon_meta'
[2.547s] Level 1:colcon.colcon_core.package_identification:_identify(/home/itsuka/ros2_ws/src/backup_ros2_tms-feature_vicon/tms_db) by extensions ['ros']
[2.547s] Level 1:colcon.colcon_core.package_identification:_identify(/home/itsuka/ros2_ws/src/backup_ros2_tms-feature_vicon/tms_db) by extension 'ros'
[2.547s] Level 1:colcon.colcon_core.package_identification:_identify(/home/itsuka/ros2_ws/src/backup_ros2_tms-feature_vicon/tms_db) by extensions ['cmake', 'python']
[2.547s] Level 1:colcon.colcon_core.package_identification:_identify(/home/itsuka/ros2_ws/src/backup_ros2_tms-feature_vicon/tms_db) by extension 'cmake'
[2.548s] Level 1:colcon.colcon_core.package_identification:_identify(/home/itsuka/ros2_ws/src/backup_ros2_tms-feature_vicon/tms_db) by extension 'python'
[2.548s] Level 1:colcon.colcon_core.package_identification:_identify(/home/itsuka/ros2_ws/src/backup_ros2_tms-feature_vicon/tms_db) by extensions ['python_setup_py']
[2.548s] Level 1:colcon.colcon_core.package_identification:_identify(/home/itsuka/ros2_ws/src/backup_ros2_tms-feature_vicon/tms_db) by extension 'python_setup_py'
[2.548s] Level 1:colcon.colcon_core.package_identification:_identify(/home/itsuka/ros2_ws/src/backup_ros2_tms-feature_vicon/tms_db/tms_db_manager) by extensions ['ignore', 'ignore_ament_install']
[2.548s] Level 1:colcon.colcon_core.package_identification:_identify(/home/itsuka/ros2_ws/src/backup_ros2_tms-feature_vicon/tms_db/tms_db_manager) by extension 'ignore'
[2.548s] Level 1:colcon.colcon_core.package_identification:_identify(/home/itsuka/ros2_ws/src/backup_ros2_tms-feature_vicon/tms_db/tms_db_manager) by extension 'ignore_ament_install'
[2.548s] Level 1:colcon.colcon_core.package_identification:_identify(/home/itsuka/ros2_ws/src/backup_ros2_tms-feature_vicon/tms_db/tms_db_manager) by extensions ['colcon_pkg']
[2.549s] Level 1:colcon.colcon_core.package_identification:_identify(/home/itsuka/ros2_ws/src/backup_ros2_tms-feature_vicon/tms_db/tms_db_manager) by extension 'colcon_pkg'
[2.549s] Level 1:colcon.colcon_core.package_identification:_identify(/home/itsuka/ros2_ws/src/backup_ros2_tms-feature_vicon/tms_db/tms_db_manager) by extensions ['colcon_meta']
[2.549s] Level 1:colcon.colcon_core.package_identification:_identify(/home/itsuka/ros2_ws/src/backup_ros2_tms-feature_vicon/tms_db/tms_db_manager) by extension 'colcon_meta'
[2.549s] Level 1:colcon.colcon_core.package_identification:_identify(/home/itsuka/ros2_ws/src/backup_ros2_tms-feature_vicon/tms_db/tms_db_manager) by extensions ['ros']
[2.549s] Level 1:colcon.colcon_core.package_identification:_identify(/home/itsuka/ros2_ws/src/backup_ros2_tms-feature_vicon/tms_db/tms_db_manager) by extension 'ros'
[2.594s] DEBUG:colcon.colcon_core.package_identification:Package '/home/itsuka/ros2_ws/src/backup_ros2_tms-feature_vicon/tms_db/tms_db_manager' with type 'ros.ament_python' and name 'tms_db_manager'
[2.594s] Level 1:colcon.colcon_core.package_identification:_identify(/home/itsuka/ros2_ws/src/backup_ros2_tms-feature_vicon/tms_msg) by extensions ['ignore', 'ignore_ament_install']
[2.595s] Level 1:colcon.colcon_core.package_identification:_identify(/home/itsuka/ros2_ws/src/backup_ros2_tms-feature_vicon/tms_msg) by extension 'ignore'
[2.595s] Level 1:colcon.colcon_core.package_identification:_identify(/home/itsuka/ros2_ws/src/backup_ros2_tms-feature_vicon/tms_msg) by extension 'ignore_ament_install'
[2.595s] Level 1:colcon.colcon_core.package_identification:_identify(/home/itsuka/ros2_ws/src/backup_ros2_tms-feature_vicon/tms_msg) by extensions ['colcon_pkg']
[2.595s] Level 1:colcon.colcon_core.package_identification:_identify(/home/itsuka/ros2_ws/src/backup_ros2_tms-feature_vicon/tms_msg) by extension 'colcon_pkg'
[2.595s] Level 1:colcon.colcon_core.package_identification:_identify(/home/itsuka/ros2_ws/src/backup_ros2_tms-feature_vicon/tms_msg) by extensions ['colcon_meta']
[2.595s] Level 1:colcon.colcon_core.package_identification:_identify(/home/itsuka/ros2_ws/src/backup_ros2_tms-feature_vicon/tms_msg) by extension 'colcon_meta'
[2.595s] Level 1:colcon.colcon_core.package_identification:_identify(/home/itsuka/ros2_ws/src/backup_ros2_tms-feature_vicon/tms_msg) by extensions ['ros']
[2.595s] Level 1:colcon.colcon_core.package_identification:_identify(/home/itsuka/ros2_ws/src/backup_ros2_tms-feature_vicon/tms_msg) by extension 'ros'
[2.595s] Level 1:colcon.colcon_core.package_identification:_identify(/home/itsuka/ros2_ws/src/backup_ros2_tms-feature_vicon/tms_msg) by extensions ['cmake', 'python']
[2.596s] Level 1:colcon.colcon_core.package_identification:_identify(/home/itsuka/ros2_ws/src/backup_ros2_tms-feature_vicon/tms_msg) by extension 'cmake'
[2.596s] Level 1:colcon.colcon_core.package_identification:_identify(/home/itsuka/ros2_ws/src/backup_ros2_tms-feature_vicon/tms_msg) by extension 'python'
[2.596s] Level 1:colcon.colcon_core.package_identification:_identify(/home/itsuka/ros2_ws/src/backup_ros2_tms-feature_vicon/tms_msg) by extensions ['python_setup_py']
[2.596s] Level 1:colcon.colcon_core.package_identification:_identify(/home/itsuka/ros2_ws/src/backup_ros2_tms-feature_vicon/tms_msg) by extension 'python_setup_py'
[2.596s] Level 1:colcon.colcon_core.package_identification:_identify(/home/itsuka/ros2_ws/src/backup_ros2_tms-feature_vicon/tms_msg/tms_msg_db) by extensions ['ignore', 'ignore_ament_install']
[2.596s] Level 1:colcon.colcon_core.package_identification:_identify(/home/itsuka/ros2_ws/src/backup_ros2_tms-feature_vicon/tms_msg/tms_msg_db) by extension 'ignore'
[2.596s] Level 1:colcon.colcon_core.package_identification:_identify(/home/itsuka/ros2_ws/src/backup_ros2_tms-feature_vicon/tms_msg/tms_msg_db) by extension 'ignore_ament_install'
[2.597s] Level 1:colcon.colcon_core.package_identification:_identify(/home/itsuka/ros2_ws/src/backup_ros2_tms-feature_vicon/tms_msg/tms_msg_db) by extensions ['colcon_pkg']
[2.597s] Level 1:colcon.colcon_core.package_identification:_identify(/home/itsuka/ros2_ws/src/backup_ros2_tms-feature_vicon/tms_msg/tms_msg_db) by extension 'colcon_pkg'
[2.597s] Level 1:colcon.colcon_core.package_identification:_identify(/home/itsuka/ros2_ws/src/backup_ros2_tms-feature_vicon/tms_msg/tms_msg_db) by extensions ['colcon_meta']
[2.597s] Level 1:colcon.colcon_core.package_identification:_identify(/home/itsuka/ros2_ws/src/backup_ros2_tms-feature_vicon/tms_msg/tms_msg_db) by extension 'colcon_meta'
[2.597s] Level 1:colcon.colcon_core.package_identification:_identify(/home/itsuka/ros2_ws/src/backup_ros2_tms-feature_vicon/tms_msg/tms_msg_db) by extensions ['ros']
[2.597s] Level 1:colcon.colcon_core.package_identification:_identify(/home/itsuka/ros2_ws/src/backup_ros2_tms-feature_vicon/tms_msg/tms_msg_db) by extension 'ros'
[2.615s] DEBUG:colcon.colcon_core.package_identification:Package '/home/itsuka/ros2_ws/src/backup_ros2_tms-feature_vicon/tms_msg/tms_msg_db' with type 'ros.ament_cmake' and name 'tms_msg_db'
[2.615s] Level 1:colcon.colcon_core.package_identification:_identify(/home/itsuka/ros2_ws/src/backup_ros2_tms-feature_vicon/tms_msg/tms_msg_ss) by extensions ['ignore', 'ignore_ament_install']
[2.616s] Level 1:colcon.colcon_core.package_identification:_identify(/home/itsuka/ros2_ws/src/backup_ros2_tms-feature_vicon/tms_msg/tms_msg_ss) by extension 'ignore'
[2.616s] Level 1:colcon.colcon_core.package_identification:_identify(/home/itsuka/ros2_ws/src/backup_ros2_tms-feature_vicon/tms_msg/tms_msg_ss) by extension 'ignore_ament_install'
[2.616s] Level 1:colcon.colcon_core.package_identification:_identify(/home/itsuka/ros2_ws/src/backup_ros2_tms-feature_vicon/tms_msg/tms_msg_ss) by extensions ['colcon_pkg']
[2.616s] Level 1:colcon.colcon_core.package_identification:_identify(/home/itsuka/ros2_ws/src/backup_ros2_tms-feature_vicon/tms_msg/tms_msg_ss) by extension 'colcon_pkg'
[2.616s] Level 1:colcon.colcon_core.package_identification:_identify(/home/itsuka/ros2_ws/src/backup_ros2_tms-feature_vicon/tms_msg/tms_msg_ss) by extensions ['colcon_meta']
[2.616s] Level 1:colcon.colcon_core.package_identification:_identify(/home/itsuka/ros2_ws/src/backup_ros2_tms-feature_vicon/tms_msg/tms_msg_ss) by extension 'colcon_meta'
[2.616s] Level 1:colcon.colcon_core.package_identification:_identify(/home/itsuka/ros2_ws/src/backup_ros2_tms-feature_vicon/tms_msg/tms_msg_ss) by extensions ['ros']
[2.616s] Level 1:colcon.colcon_core.package_identification:_identify(/home/itsuka/ros2_ws/src/backup_ros2_tms-feature_vicon/tms_msg/tms_msg_ss) by extension 'ros'
[2.617s] DEBUG:colcon.colcon_core.package_identification:Package '/home/itsuka/ros2_ws/src/backup_ros2_tms-feature_vicon/tms_msg/tms_msg_ss' with type 'ros.ament_cmake' and name 'tms_msg_ss'
[2.618s] Level 1:colcon.colcon_core.package_identification:_identify(/home/itsuka/ros2_ws/src/backup_ros2_tms-feature_vicon/tms_msg/tms_msg_ts) by extensions ['ignore', 'ignore_ament_install']
[2.618s] Level 1:colcon.colcon_core.package_identification:_identify(/home/itsuka/ros2_ws/src/backup_ros2_tms-feature_vicon/tms_msg/tms_msg_ts) by extension 'ignore'
[2.618s] Level 1:colcon.colcon_core.package_identification:_identify(/home/itsuka/ros2_ws/src/backup_ros2_tms-feature_vicon/tms_msg/tms_msg_ts) by extension 'ignore_ament_install'
[2.618s] Level 1:colcon.colcon_core.package_identification:_identify(/home/itsuka/ros2_ws/src/backup_ros2_tms-feature_vicon/tms_msg/tms_msg_ts) by extensions ['colcon_pkg']
[2.618s] Level 1:colcon.colcon_core.package_identification:_identify(/home/itsuka/ros2_ws/src/backup_ros2_tms-feature_vicon/tms_msg/tms_msg_ts) by extension 'colcon_pkg'
[2.618s] Level 1:colcon.colcon_core.package_identification:_identify(/home/itsuka/ros2_ws/src/backup_ros2_tms-feature_vicon/tms_msg/tms_msg_ts) by extensions ['colcon_meta']
[2.618s] Level 1:colcon.colcon_core.package_identification:_identify(/home/itsuka/ros2_ws/src/backup_ros2_tms-feature_vicon/tms_msg/tms_msg_ts) by extension 'colcon_meta'
[2.619s] Level 1:colcon.colcon_core.package_identification:_identify(/home/itsuka/ros2_ws/src/backup_ros2_tms-feature_vicon/tms_msg/tms_msg_ts) by extensions ['ros']
[2.619s] Level 1:colcon.colcon_core.package_identification:_identify(/home/itsuka/ros2_ws/src/backup_ros2_tms-feature_vicon/tms_msg/tms_msg_ts) by extension 'ros'
[2.619s] DEBUG:colcon.colcon_core.package_identification:Package '/home/itsuka/ros2_ws/src/backup_ros2_tms-feature_vicon/tms_msg/tms_msg_ts' with type 'ros.ament_cmake' and name 'tms_msg_ts'
[2.620s] Level 1:colcon.colcon_core.package_identification:_identify(/home/itsuka/ros2_ws/src/backup_ros2_tms-feature_vicon/tms_nw) by extensions ['ignore', 'ignore_ament_install']
[2.620s] Level 1:colcon.colcon_core.package_identification:_identify(/home/itsuka/ros2_ws/src/backup_ros2_tms-feature_vicon/tms_nw) by extension 'ignore'
[2.620s] Level 1:colcon.colcon_core.package_identification:_identify(/home/itsuka/ros2_ws/src/backup_ros2_tms-feature_vicon/tms_nw) by extension 'ignore_ament_install'
[2.620s] Level 1:colcon.colcon_core.package_identification:_identify(/home/itsuka/ros2_ws/src/backup_ros2_tms-feature_vicon/tms_nw) by extensions ['colcon_pkg']
[2.620s] Level 1:colcon.colcon_core.package_identification:_identify(/home/itsuka/ros2_ws/src/backup_ros2_tms-feature_vicon/tms_nw) by extension 'colcon_pkg'
[2.620s] Level 1:colcon.colcon_core.package_identification:_identify(/home/itsuka/ros2_ws/src/backup_ros2_tms-feature_vicon/tms_nw) by extensions ['colcon_meta']
[2.620s] Level 1:colcon.colcon_core.package_identification:_identify(/home/itsuka/ros2_ws/src/backup_ros2_tms-feature_vicon/tms_nw) by extension 'colcon_meta'
[2.620s] Level 1:colcon.colcon_core.package_identification:_identify(/home/itsuka/ros2_ws/src/backup_ros2_tms-feature_vicon/tms_nw) by extensions ['ros']
[2.621s] Level 1:colcon.colcon_core.package_identification:_identify(/home/itsuka/ros2_ws/src/backup_ros2_tms-feature_vicon/tms_nw) by extension 'ros'
[2.621s] Level 1:colcon.colcon_core.package_identification:_identify(/home/itsuka/ros2_ws/src/backup_ros2_tms-feature_vicon/tms_nw) by extensions ['cmake', 'python']
[2.621s] Level 1:colcon.colcon_core.package_identification:_identify(/home/itsuka/ros2_ws/src/backup_ros2_tms-feature_vicon/tms_nw) by extension 'cmake'
[2.621s] Level 1:colcon.colcon_core.package_identification:_identify(/home/itsuka/ros2_ws/src/backup_ros2_tms-feature_vicon/tms_nw) by extension 'python'
[2.621s] Level 1:colcon.colcon_core.package_identification:_identify(/home/itsuka/ros2_ws/src/backup_ros2_tms-feature_vicon/tms_nw) by extensions ['python_setup_py']
[2.621s] Level 1:colcon.colcon_core.package_identification:_identify(/home/itsuka/ros2_ws/src/backup_ros2_tms-feature_vicon/tms_nw) by extension 'python_setup_py'
[2.621s] Level 1:colcon.colcon_core.package_identification:_identify(/home/itsuka/ros2_ws/src/backup_ros2_tms-feature_vicon/tms_nw/tms_nw_rp) by extensions ['ignore', 'ignore_ament_install']
[2.621s] Level 1:colcon.colcon_core.package_identification:_identify(/home/itsuka/ros2_ws/src/backup_ros2_tms-feature_vicon/tms_nw/tms_nw_rp) by extension 'ignore'
[2.622s] Level 1:colcon.colcon_core.package_identification:_identify(/home/itsuka/ros2_ws/src/backup_ros2_tms-feature_vicon/tms_nw/tms_nw_rp) by extension 'ignore_ament_install'
[2.622s] Level 1:colcon.colcon_core.package_identification:_identify(/home/itsuka/ros2_ws/src/backup_ros2_tms-feature_vicon/tms_nw/tms_nw_rp) by extensions ['colcon_pkg']
[2.622s] Level 1:colcon.colcon_core.package_identification:_identify(/home/itsuka/ros2_ws/src/backup_ros2_tms-feature_vicon/tms_nw/tms_nw_rp) by extension 'colcon_pkg'
[2.622s] Level 1:colcon.colcon_core.package_identification:_identify(/home/itsuka/ros2_ws/src/backup_ros2_tms-feature_vicon/tms_nw/tms_nw_rp) by extensions ['colcon_meta']
[2.622s] Level 1:colcon.colcon_core.package_identification:_identify(/home/itsuka/ros2_ws/src/backup_ros2_tms-feature_vicon/tms_nw/tms_nw_rp) by extension 'colcon_meta'
[2.622s] Level 1:colcon.colcon_core.package_identification:_identify(/home/itsuka/ros2_ws/src/backup_ros2_tms-feature_vicon/tms_nw/tms_nw_rp) by extensions ['ros']
[2.622s] Level 1:colcon.colcon_core.package_identification:_identify(/home/itsuka/ros2_ws/src/backup_ros2_tms-feature_vicon/tms_nw/tms_nw_rp) by extension 'ros'
[2.623s] DEBUG:colcon.colcon_core.package_identification:Package '/home/itsuka/ros2_ws/src/backup_ros2_tms-feature_vicon/tms_nw/tms_nw_rp' with type 'ros.ament_cmake' and name 'tms_nw_rp'
[2.623s] Level 1:colcon.colcon_core.package_identification:_identify(/home/itsuka/ros2_ws/src/backup_ros2_tms-feature_vicon/tms_rc) by extensions ['ignore', 'ignore_ament_install']
[2.623s] Level 1:colcon.colcon_core.package_identification:_identify(/home/itsuka/ros2_ws/src/backup_ros2_tms-feature_vicon/tms_rc) by extension 'ignore'
[2.623s] Level 1:colcon.colcon_core.package_identification:_identify(/home/itsuka/ros2_ws/src/backup_ros2_tms-feature_vicon/tms_rc) by extension 'ignore_ament_install'
[2.624s] Level 1:colcon.colcon_core.package_identification:_identify(/home/itsuka/ros2_ws/src/backup_ros2_tms-feature_vicon/tms_rc) by extensions ['colcon_pkg']
[2.624s] Level 1:colcon.colcon_core.package_identification:_identify(/home/itsuka/ros2_ws/src/backup_ros2_tms-feature_vicon/tms_rc) by extension 'colcon_pkg'
[2.624s] Level 1:colcon.colcon_core.package_identification:_identify(/home/itsuka/ros2_ws/src/backup_ros2_tms-feature_vicon/tms_rc) by extensions ['colcon_meta']
[2.624s] Level 1:colcon.colcon_core.package_identification:_identify(/home/itsuka/ros2_ws/src/backup_ros2_tms-feature_vicon/tms_rc) by extension 'colcon_meta'
[2.624s] Level 1:colcon.colcon_core.package_identification:_identify(/home/itsuka/ros2_ws/src/backup_ros2_tms-feature_vicon/tms_rc) by extensions ['ros']
[2.624s] Level 1:colcon.colcon_core.package_identification:_identify(/home/itsuka/ros2_ws/src/backup_ros2_tms-feature_vicon/tms_rc) by extension 'ros'
[2.624s] Level 1:colcon.colcon_core.package_identification:_identify(/home/itsuka/ros2_ws/src/backup_ros2_tms-feature_vicon/tms_rc) by extensions ['cmake', 'python']
[2.624s] Level 1:colcon.colcon_core.package_identification:_identify(/home/itsuka/ros2_ws/src/backup_ros2_tms-feature_vicon/tms_rc) by extension 'cmake'
[2.624s] Level 1:colcon.colcon_core.package_identification:_identify(/home/itsuka/ros2_ws/src/backup_ros2_tms-feature_vicon/tms_rc) by extension 'python'
[2.625s] Level 1:colcon.colcon_core.package_identification:_identify(/home/itsuka/ros2_ws/src/backup_ros2_tms-feature_vicon/tms_rc) by extensions ['python_setup_py']
[2.625s] Level 1:colcon.colcon_core.package_identification:_identify(/home/itsuka/ros2_ws/src/backup_ros2_tms-feature_vicon/tms_rc) by extension 'python_setup_py'
[2.625s] Level 1:colcon.colcon_core.package_identification:_identify(/home/itsuka/ros2_ws/src/backup_ros2_tms-feature_vicon/tms_rc/tms_rc_double) by extensions ['ignore', 'ignore_ament_install']
[2.625s] Level 1:colcon.colcon_core.package_identification:_identify(/home/itsuka/ros2_ws/src/backup_ros2_tms-feature_vicon/tms_rc/tms_rc_double) by extension 'ignore'
[2.625s] Level 1:colcon.colcon_core.package_identification:_identify(/home/itsuka/ros2_ws/src/backup_ros2_tms-feature_vicon/tms_rc/tms_rc_double) by extension 'ignore_ament_install'
[2.625s] Level 1:colcon.colcon_core.package_identification:_identify(/home/itsuka/ros2_ws/src/backup_ros2_tms-feature_vicon/tms_rc/tms_rc_double) by extensions ['colcon_pkg']
[2.625s] Level 1:colcon.colcon_core.package_identification:_identify(/home/itsuka/ros2_ws/src/backup_ros2_tms-feature_vicon/tms_rc/tms_rc_double) by extension 'colcon_pkg'
[2.625s] Level 1:colcon.colcon_core.package_identification:_identify(/home/itsuka/ros2_ws/src/backup_ros2_tms-feature_vicon/tms_rc/tms_rc_double) by extensions ['colcon_meta']
[2.626s] Level 1:colcon.colcon_core.package_identification:_identify(/home/itsuka/ros2_ws/src/backup_ros2_tms-feature_vicon/tms_rc/tms_rc_double) by extension 'colcon_meta'
[2.626s] Level 1:colcon.colcon_core.package_identification:_identify(/home/itsuka/ros2_ws/src/backup_ros2_tms-feature_vicon/tms_rc/tms_rc_double) by extensions ['ros']
[2.626s] Level 1:colcon.colcon_core.package_identification:_identify(/home/itsuka/ros2_ws/src/backup_ros2_tms-feature_vicon/tms_rc/tms_rc_double) by extension 'ros'
[2.638s] DEBUG:colcon.colcon_core.package_identification:Package '/home/itsuka/ros2_ws/src/backup_ros2_tms-feature_vicon/tms_rc/tms_rc_double' with type 'ros.ament_cmake' and name 'tms_rc_double'
[2.638s] Level 1:colcon.colcon_core.package_identification:_identify(/home/itsuka/ros2_ws/src/backup_ros2_tms-feature_vicon/tms_ss) by extensions ['ignore', 'ignore_ament_install']
[2.638s] Level 1:colcon.colcon_core.package_identification:_identify(/home/itsuka/ros2_ws/src/backup_ros2_tms-feature_vicon/tms_ss) by extension 'ignore'
[2.639s] Level 1:colcon.colcon_core.package_identification:_identify(/home/itsuka/ros2_ws/src/backup_ros2_tms-feature_vicon/tms_ss) by extension 'ignore_ament_install'
[2.639s] Level 1:colcon.colcon_core.package_identification:_identify(/home/itsuka/ros2_ws/src/backup_ros2_tms-feature_vicon/tms_ss) by extensions ['colcon_pkg']
[2.639s] Level 1:colcon.colcon_core.package_identification:_identify(/home/itsuka/ros2_ws/src/backup_ros2_tms-feature_vicon/tms_ss) by extension 'colcon_pkg'
[2.639s] Level 1:colcon.colcon_core.package_identification:_identify(/home/itsuka/ros2_ws/src/backup_ros2_tms-feature_vicon/tms_ss) by extensions ['colcon_meta']
[2.639s] Level 1:colcon.colcon_core.package_identification:_identify(/home/itsuka/ros2_ws/src/backup_ros2_tms-feature_vicon/tms_ss) by extension 'colcon_meta'
[2.639s] Level 1:colcon.colcon_core.package_identification:_identify(/home/itsuka/ros2_ws/src/backup_ros2_tms-feature_vicon/tms_ss) by extensions ['ros']
[2.639s] Level 1:colcon.colcon_core.package_identification:_identify(/home/itsuka/ros2_ws/src/backup_ros2_tms-feature_vicon/tms_ss) by extension 'ros'
[2.639s] Level 1:colcon.colcon_core.package_identification:_identify(/home/itsuka/ros2_ws/src/backup_ros2_tms-feature_vicon/tms_ss) by extensions ['cmake', 'python']
[2.639s] Level 1:colcon.colcon_core.package_identification:_identify(/home/itsuka/ros2_ws/src/backup_ros2_tms-feature_vicon/tms_ss) by extension 'cmake'
[2.640s] Level 1:colcon.colcon_core.package_identification:_identify(/home/itsuka/ros2_ws/src/backup_ros2_tms-feature_vicon/tms_ss) by extension 'python'
[2.640s] Level 1:colcon.colcon_core.package_identification:_identify(/home/itsuka/ros2_ws/src/backup_ros2_tms-feature_vicon/tms_ss) by extensions ['python_setup_py']
[2.640s] Level 1:colcon.colcon_core.package_identification:_identify(/home/itsuka/ros2_ws/src/backup_ros2_tms-feature_vicon/tms_ss) by extension 'python_setup_py'
[2.640s] Level 1:colcon.colcon_core.package_identification:_identify(/home/itsuka/ros2_ws/src/backup_ros2_tms-feature_vicon/tms_ss/tms_ss_vicon) by extensions ['ignore', 'ignore_ament_install']
[2.640s] Level 1:colcon.colcon_core.package_identification:_identify(/home/itsuka/ros2_ws/src/backup_ros2_tms-feature_vicon/tms_ss/tms_ss_vicon) by extension 'ignore'
[2.640s] Level 1:colcon.colcon_core.package_identification:_identify(/home/itsuka/ros2_ws/src/backup_ros2_tms-feature_vicon/tms_ss/tms_ss_vicon) by extension 'ignore_ament_install'
[2.640s] Level 1:colcon.colcon_core.package_identification:_identify(/home/itsuka/ros2_ws/src/backup_ros2_tms-feature_vicon/tms_ss/tms_ss_vicon) by extensions ['colcon_pkg']
[2.641s] Level 1:colcon.colcon_core.package_identification:_identify(/home/itsuka/ros2_ws/src/backup_ros2_tms-feature_vicon/tms_ss/tms_ss_vicon) by extension 'colcon_pkg'
[2.641s] Level 1:colcon.colcon_core.package_identification:_identify(/home/itsuka/ros2_ws/src/backup_ros2_tms-feature_vicon/tms_ss/tms_ss_vicon) by extensions ['colcon_meta']
[2.641s] Level 1:colcon.colcon_core.package_identification:_identify(/home/itsuka/ros2_ws/src/backup_ros2_tms-feature_vicon/tms_ss/tms_ss_vicon) by extension 'colcon_meta'
[2.641s] Level 1:colcon.colcon_core.package_identification:_identify(/home/itsuka/ros2_ws/src/backup_ros2_tms-feature_vicon/tms_ss/tms_ss_vicon) by extensions ['ros']
[2.641s] Level 1:colcon.colcon_core.package_identification:_identify(/home/itsuka/ros2_ws/src/backup_ros2_tms-feature_vicon/tms_ss/tms_ss_vicon) by extension 'ros'
[2.645s] DEBUG:colcon.colcon_core.package_identification:Package '/home/itsuka/ros2_ws/src/backup_ros2_tms-feature_vicon/tms_ss/tms_ss_vicon' with type 'ros.ament_cmake' and name 'tms_ss_vicon'
[2.646s] Level 1:colcon.colcon_core.package_identification:_identify(/home/itsuka/ros2_ws/src/backup_ros2_tms-feature_vicon/tms_ur) by extensions ['ignore', 'ignore_ament_install']
[2.646s] Level 1:colcon.colcon_core.package_identification:_identify(/home/itsuka/ros2_ws/src/backup_ros2_tms-feature_vicon/tms_ur) by extension 'ignore'
[2.646s] Level 1:colcon.colcon_core.package_identification:_identify(/home/itsuka/ros2_ws/src/backup_ros2_tms-feature_vicon/tms_ur) by extension 'ignore_ament_install'
[2.646s] Level 1:colcon.colcon_core.package_identification:_identify(/home/itsuka/ros2_ws/src/backup_ros2_tms-feature_vicon/tms_ur) by extensions ['colcon_pkg']
[2.647s] Level 1:colcon.colcon_core.package_identification:_identify(/home/itsuka/ros2_ws/src/backup_ros2_tms-feature_vicon/tms_ur) by extension 'colcon_pkg'
[2.647s] Level 1:colcon.colcon_core.package_identification:_identify(/home/itsuka/ros2_ws/src/backup_ros2_tms-feature_vicon/tms_ur) by extensions ['colcon_meta']
[2.647s] Level 1:colcon.colcon_core.package_identification:_identify(/home/itsuka/ros2_ws/src/backup_ros2_tms-feature_vicon/tms_ur) by extension 'colcon_meta'
[2.647s] Level 1:colcon.colcon_core.package_identification:_identify(/home/itsuka/ros2_ws/src/backup_ros2_tms-feature_vicon/tms_ur) by extensions ['ros']
[2.648s] Level 1:colcon.colcon_core.package_identification:_identify(/home/itsuka/ros2_ws/src/backup_ros2_tms-feature_vicon/tms_ur) by extension 'ros'
[2.648s] Level 1:colcon.colcon_core.package_identification:_identify(/home/itsuka/ros2_ws/src/backup_ros2_tms-feature_vicon/tms_ur) by extensions ['cmake', 'python']
[2.648s] Level 1:colcon.colcon_core.package_identification:_identify(/home/itsuka/ros2_ws/src/backup_ros2_tms-feature_vicon/tms_ur) by extension 'cmake'
[2.649s] Level 1:colcon.colcon_core.package_identification:_identify(/home/itsuka/ros2_ws/src/backup_ros2_tms-feature_vicon/tms_ur) by extension 'python'
[2.649s] Level 1:colcon.colcon_core.package_identification:_identify(/home/itsuka/ros2_ws/src/backup_ros2_tms-feature_vicon/tms_ur) by extensions ['python_setup_py']
[2.649s] Level 1:colcon.colcon_core.package_identification:_identify(/home/itsuka/ros2_ws/src/backup_ros2_tms-feature_vicon/tms_ur) by extension 'python_setup_py'
[2.650s] Level 1:colcon.colcon_core.package_identification:_identify(/home/itsuka/ros2_ws/src/backup_ros2_tms-feature_vicon/tms_ur/tms_ur_listener) by extensions ['ignore', 'ignore_ament_install']
[2.650s] Level 1:colcon.colcon_core.package_identification:_identify(/home/itsuka/ros2_ws/src/backup_ros2_tms-feature_vicon/tms_ur/tms_ur_listener) by extension 'ignore'
[2.650s] Level 1:colcon.colcon_core.package_identification:_identify(/home/itsuka/ros2_ws/src/backup_ros2_tms-feature_vicon/tms_ur/tms_ur_listener) by extension 'ignore_ament_install'
[2.651s] Level 1:colcon.colcon_core.package_identification:_identify(/home/itsuka/ros2_ws/src/backup_ros2_tms-feature_vicon/tms_ur/tms_ur_listener) by extensions ['colcon_pkg']
[2.651s] Level 1:colcon.colcon_core.package_identification:_identify(/home/itsuka/ros2_ws/src/backup_ros2_tms-feature_vicon/tms_ur/tms_ur_listener) by extension 'colcon_pkg'
[2.651s] Level 1:colcon.colcon_core.package_identification:_identify(/home/itsuka/ros2_ws/src/backup_ros2_tms-feature_vicon/tms_ur/tms_ur_listener) by extensions ['colcon_meta']
[2.651s] Level 1:colcon.colcon_core.package_identification:_identify(/home/itsuka/ros2_ws/src/backup_ros2_tms-feature_vicon/tms_ur/tms_ur_listener) by extension 'colcon_meta'
[2.652s] Level 1:colcon.colcon_core.package_identification:_identify(/home/itsuka/ros2_ws/src/backup_ros2_tms-feature_vicon/tms_ur/tms_ur_listener) by extensions ['ros']
[2.652s] Level 1:colcon.colcon_core.package_identification:_identify(/home/itsuka/ros2_ws/src/backup_ros2_tms-feature_vicon/tms_ur/tms_ur_listener) by extension 'ros'
[2.656s] DEBUG:colcon.colcon_core.package_identification:Package '/home/itsuka/ros2_ws/src/backup_ros2_tms-feature_vicon/tms_ur/tms_ur_listener' with type 'ros.ament_python' and name 'tms_ur_listener'
[2.656s] Level 1:colcon.colcon_core.package_identification:_identify(/home/itsuka/ros2_ws/src/backup_ros2_tms-feature_vicon/tms_ur/tms_ur_slack) by extensions ['ignore', 'ignore_ament_install']
[2.657s] Level 1:colcon.colcon_core.package_identification:_identify(/home/itsuka/ros2_ws/src/backup_ros2_tms-feature_vicon/tms_ur/tms_ur_slack) by extension 'ignore'
[2.657s] Level 1:colcon.colcon_core.package_identification:_identify(/home/itsuka/ros2_ws/src/backup_ros2_tms-feature_vicon/tms_ur/tms_ur_slack) by extension 'ignore_ament_install'
[2.657s] Level 1:colcon.colcon_core.package_identification:_identify(/home/itsuka/ros2_ws/src/backup_ros2_tms-feature_vicon/tms_ur/tms_ur_slack) by extensions ['colcon_pkg']
[2.658s] Level 1:colcon.colcon_core.package_identification:_identify(/home/itsuka/ros2_ws/src/backup_ros2_tms-feature_vicon/tms_ur/tms_ur_slack) by extension 'colcon_pkg'
[2.658s] Level 1:colcon.colcon_core.package_identification:_identify(/home/itsuka/ros2_ws/src/backup_ros2_tms-feature_vicon/tms_ur/tms_ur_slack) by extensions ['colcon_meta']
[2.658s] Level 1:colcon.colcon_core.package_identification:_identify(/home/itsuka/ros2_ws/src/backup_ros2_tms-feature_vicon/tms_ur/tms_ur_slack) by extension 'colcon_meta'
[2.658s] Level 1:colcon.colcon_core.package_identification:_identify(/home/itsuka/ros2_ws/src/backup_ros2_tms-feature_vicon/tms_ur/tms_ur_slack) by extensions ['ros']
[2.659s] Level 1:colcon.colcon_core.package_identification:_identify(/home/itsuka/ros2_ws/src/backup_ros2_tms-feature_vicon/tms_ur/tms_ur_slack) by extension 'ros'
[2.663s] DEBUG:colcon.colcon_core.package_identification:Package '/home/itsuka/ros2_ws/src/backup_ros2_tms-feature_vicon/tms_ur/tms_ur_slack' with type 'ros.ament_cmake' and name 'tms_ur_slack'
[2.663s] Level 1:colcon.colcon_core.package_identification:_identify(/home/itsuka/ros2_ws/src/backup_ros2_tms-feature_vicon/tms_ur/tms_ur_speaker) by extensions ['ignore', 'ignore_ament_install']
[2.663s] Level 1:colcon.colcon_core.package_identification:_identify(/home/itsuka/ros2_ws/src/backup_ros2_tms-feature_vicon/tms_ur/tms_ur_speaker) by extension 'ignore'
[2.663s] Level 1:colcon.colcon_core.package_identification:_identify(/home/itsuka/ros2_ws/src/backup_ros2_tms-feature_vicon/tms_ur/tms_ur_speaker) by extension 'ignore_ament_install'
[2.663s] Level 1:colcon.colcon_core.package_identification:_identify(/home/itsuka/ros2_ws/src/backup_ros2_tms-feature_vicon/tms_ur/tms_ur_speaker) by extensions ['colcon_pkg']
[2.663s] Level 1:colcon.colcon_core.package_identification:_identify(/home/itsuka/ros2_ws/src/backup_ros2_tms-feature_vicon/tms_ur/tms_ur_speaker) by extension 'colcon_pkg'
[2.663s] Level 1:colcon.colcon_core.package_identification:_identify(/home/itsuka/ros2_ws/src/backup_ros2_tms-feature_vicon/tms_ur/tms_ur_speaker) by extensions ['colcon_meta']
[2.663s] Level 1:colcon.colcon_core.package_identification:_identify(/home/itsuka/ros2_ws/src/backup_ros2_tms-feature_vicon/tms_ur/tms_ur_speaker) by extension 'colcon_meta'
[2.664s] Level 1:colcon.colcon_core.package_identification:_identify(/home/itsuka/ros2_ws/src/backup_ros2_tms-feature_vicon/tms_ur/tms_ur_speaker) by extensions ['ros']
[2.664s] Level 1:colcon.colcon_core.package_identification:_identify(/home/itsuka/ros2_ws/src/backup_ros2_tms-feature_vicon/tms_ur/tms_ur_speaker) by extension 'ros'
[2.665s] DEBUG:colcon.colcon_core.package_identification:Package '/home/itsuka/ros2_ws/src/backup_ros2_tms-feature_vicon/tms_ur/tms_ur_speaker' with type 'ros.ament_python' and name 'tms_ur_speaker'
[2.665s] Level 1:colcon.colcon_core.package_discovery:discover_packages(recursive) using defaults
[2.669s] INFO:colcon.colcon_core.package_selection:Skipping not selected package 'tms_msg_db' in '/home/itsuka/ros2_ws/src/backup_ros2_tms-feature_vicon/tms_msg/tms_msg_db'
[2.669s] INFO:colcon.colcon_core.package_selection:Skipping not selected package 'tms_msg_ss' in '/home/itsuka/ros2_ws/src/backup_ros2_tms-feature_vicon/tms_msg/tms_msg_ss'
[2.669s] INFO:colcon.colcon_core.package_selection:Skipping not selected package 'tms_msg_ts' in '/home/itsuka/ros2_ws/src/backup_ros2_tms-feature_vicon/tms_msg/tms_msg_ts'
[2.669s] INFO:colcon.colcon_core.package_selection:Skipping not selected package 'tms_nw_rp' in '/home/itsuka/ros2_ws/src/backup_ros2_tms-feature_vicon/tms_nw/tms_nw_rp'
[2.669s] INFO:colcon.colcon_core.package_selection:Skipping not selected package 'tms_rc_double' in '/home/itsuka/ros2_ws/src/backup_ros2_tms-feature_vicon/tms_rc/tms_rc_double'
[2.669s] INFO:colcon.colcon_core.package_selection:Skipping not selected package 'tms_ur_listener' in '/home/itsuka/ros2_ws/src/backup_ros2_tms-feature_vicon/tms_ur/tms_ur_listener'
[2.669s] INFO:colcon.colcon_core.package_selection:Skipping not selected package 'tms_ur_slack' in '/home/itsuka/ros2_ws/src/backup_ros2_tms-feature_vicon/tms_ur/tms_ur_slack'
[2.669s] INFO:colcon.colcon_core.package_selection:Skipping not selected package 'tms_db_manager' in '/home/itsuka/ros2_ws/src/backup_ros2_tms-feature_vicon/tms_db/tms_db_manager'
[2.669s] INFO:colcon.colcon_core.package_selection:Skipping not selected package 'tms_ss_vicon' in '/home/itsuka/ros2_ws/src/backup_ros2_tms-feature_vicon/tms_ss/tms_ss_vicon'
[2.674s] Level 5:colcon.colcon_core.verb:set package 'tms_ur_speaker' build argument 'cmake_args' from command line to 'None'
[2.674s] Level 5:colcon.colcon_core.verb:set package 'tms_ur_speaker' build argument 'cmake_target' from command line to 'None'
[2.674s] Level 5:colcon.colcon_core.verb:set package 'tms_ur_speaker' build argument 'cmake_target_skip_unavailable' from command line to 'False'
[2.674s] Level 5:colcon.colcon_core.verb:set package 'tms_ur_speaker' build argument 'cmake_clean_cache' from command line to 'False'
[2.674s] Level 5:colcon.colcon_core.verb:set package 'tms_ur_speaker' build argument 'cmake_clean_first' from command line to 'False'
[2.674s] Level 5:colcon.colcon_core.verb:set package 'tms_ur_speaker' build argument 'cmake_force_configure' from command line to 'False'
[2.674s] Level 5:colcon.colcon_core.verb:set package 'tms_ur_speaker' build argument 'ament_cmake_args' from command line to 'None'
[2.674s] Level 5:colcon.colcon_core.verb:set package 'tms_ur_speaker' build argument 'catkin_cmake_args' from command line to 'None'
[2.674s] Level 5:colcon.colcon_core.verb:set package 'tms_ur_speaker' build argument 'catkin_skip_building_tests' from command line to 'False'
[2.674s] DEBUG:colcon.colcon_core.verb:Building package 'tms_ur_speaker' with the following arguments: {'ament_cmake_args': None, 'build_base': '/home/itsuka/ros2_ws/src/backup_ros2_tms-feature_vicon/build/tms_ur_speaker', 'catkin_cmake_args': None, 'catkin_skip_building_tests': False, 'cmake_args': None, 'cmake_clean_cache': False, 'cmake_clean_first': False, 'cmake_force_configure': False, 'cmake_target': None, 'cmake_target_skip_unavailable': False, 'install_base': '/home/itsuka/ros2_ws/src/backup_ros2_tms-feature_vicon/install/tms_ur_speaker', 'merge_install': False, 'path': '/home/itsuka/ros2_ws/src/backup_ros2_tms-feature_vicon/tms_ur/tms_ur_speaker', 'symlink_install': True, 'test_result_base': None}
[2.676s] INFO:colcon.colcon_core.executor:Executing jobs using 'parallel' executor
[2.677s] DEBUG:colcon.colcon_parallel_executor.executor.parallel:run_until_complete
[2.678s] INFO:colcon.colcon_ros.task.ament_python.build:Building ROS package in '/home/itsuka/ros2_ws/src/backup_ros2_tms-feature_vicon/tms_ur/tms_ur_speaker' with build type 'ament_python'
[2.678s] Level 1:colcon.colcon_core.shell:create_environment_hook('tms_ur_speaker', 'ament_prefix_path')
[2.766s] INFO:colcon.colcon_core.plugin_system:Skipping extension 'colcon_core.shell.bat': Not used on non-Windows systems
[2.767s] INFO:colcon.colcon_core.shell:Creating environment hook '/home/itsuka/ros2_ws/src/backup_ros2_tms-feature_vicon/install/tms_ur_speaker/share/tms_ur_speaker/hook/ament_prefix_path.ps1'
[2.768s] INFO:colcon.colcon_core.shell:Creating environment hook '/home/itsuka/ros2_ws/src/backup_ros2_tms-feature_vicon/install/tms_ur_speaker/share/tms_ur_speaker/hook/ament_prefix_path.sh'
[2.782s] INFO:colcon.colcon_core.task.python.build:Building Python package in '/home/itsuka/ros2_ws/src/backup_ros2_tms-feature_vicon/tms_ur/tms_ur_speaker'
[2.783s] INFO:colcon.colcon_core.shell:Skip shell extension 'powershell' for command environment: Not usable outside of PowerShell
[3.622s] DEBUG:colcon.colcon_core.event_handler.log_command:Invoking command in '/home/itsuka/ros2_ws/src/backup_ros2_tms-feature_vicon/build/tms_ur_speaker': PYTHONPATH=/home/itsuka/ros2_ws/src/backup_ros2_tms-feature_vicon/install/tms_ur_speaker/lib/python3.6/site-packages:${PYTHONPATH} /usr/bin/python3 setup.py develop --prefix /home/itsuka/ros2_ws/src/backup_ros2_tms-feature_vicon/install/tms_ur_speaker --no-deps install_data --install-dir /home/itsuka/ros2_ws/src/backup_ros2_tms-feature_vicon/install/tms_ur_speaker
[5.820s] Level 1:colcon.colcon_core.shell:create_environment_hook('tms_ur_speaker', 'pythonpath_develop')
[5.822s] INFO:colcon.colcon_core.shell:Creating environment hook '/home/itsuka/ros2_ws/src/backup_ros2_tms-feature_vicon/build/tms_ur_speaker/share/tms_ur_speaker/hook/pythonpath_develop.ps1'
[5.824s] INFO:colcon.colcon_core.shell:Creating environment hook '/home/itsuka/ros2_ws/src/backup_ros2_tms-feature_vicon/build/tms_ur_speaker/share/tms_ur_speaker/hook/pythonpath_develop.sh'
[5.825s] DEBUG:colcon.colcon_core.event_handler.log_command:Invoked command in '/home/itsuka/ros2_ws/src/backup_ros2_tms-feature_vicon/build/tms_ur_speaker' returned '0': PYTHONPATH=/home/itsuka/ros2_ws/src/backup_ros2_tms-feature_vicon/install/tms_ur_speaker/lib/python3.6/site-packages:${PYTHONPATH} /usr/bin/python3 setup.py develop --prefix /home/itsuka/ros2_ws/src/backup_ros2_tms-feature_vicon/install/tms_ur_speaker --no-deps install_data --install-dir /home/itsuka/ros2_ws/src/backup_ros2_tms-feature_vicon/install/tms_ur_speaker
[6.100s] Level 1:colcon.colcon_core.environment:checking '/home/itsuka/ros2_ws/src/backup_ros2_tms-feature_vicon/install/tms_ur_speaker' for CMake module files
[6.100s] Level 1:colcon.colcon_core.environment:checking '/home/itsuka/ros2_ws/src/backup_ros2_tms-feature_vicon/install/tms_ur_speaker' for CMake config files
[6.101s] Level 1:colcon.colcon_core.environment:checking '/home/itsuka/ros2_ws/src/backup_ros2_tms-feature_vicon/install/tms_ur_speaker/lib'
[6.102s] Level 1:colcon.colcon_core.environment:checking '/home/itsuka/ros2_ws/src/backup_ros2_tms-feature_vicon/install/tms_ur_speaker/bin'
[6.102s] Level 1:colcon.colcon_core.environment:checking '/home/itsuka/ros2_ws/src/backup_ros2_tms-feature_vicon/install/tms_ur_speaker/lib/pkgconfig/tms_ur_speaker.pc'
[6.102s] Level 1:colcon.colcon_core.environment:checking '/home/itsuka/ros2_ws/src/backup_ros2_tms-feature_vicon/install/tms_ur_speaker/lib/python3.6/site-packages'
[6.102s] Level 1:colcon.colcon_core.shell:create_environment_hook('tms_ur_speaker', 'pythonpath')
[6.103s] INFO:colcon.colcon_core.shell:Creating environment hook '/home/itsuka/ros2_ws/src/backup_ros2_tms-feature_vicon/install/tms_ur_speaker/share/tms_ur_speaker/hook/pythonpath.ps1'
[6.103s] INFO:colcon.colcon_core.shell:Creating environment hook '/home/itsuka/ros2_ws/src/backup_ros2_tms-feature_vicon/install/tms_ur_speaker/share/tms_ur_speaker/hook/pythonpath.sh'
[6.104s] Level 1:colcon.colcon_core.environment:create_environment_scripts_only(tms_ur_speaker)
[6.105s] INFO:colcon.colcon_core.shell:Creating package script '/home/itsuka/ros2_ws/src/backup_ros2_tms-feature_vicon/install/tms_ur_speaker/share/tms_ur_speaker/package.ps1'
[6.147s] INFO:colcon.colcon_core.shell:Creating package script '/home/itsuka/ros2_ws/src/backup_ros2_tms-feature_vicon/install/tms_ur_speaker/share/tms_ur_speaker/package.sh'
[6.149s] INFO:colcon.colcon_core.shell:Creating package script '/home/itsuka/ros2_ws/src/backup_ros2_tms-feature_vicon/install/tms_ur_speaker/share/tms_ur_speaker/package.bash'
[6.173s] INFO:colcon.colcon_core.shell:Creating package script '/home/itsuka/ros2_ws/src/backup_ros2_tms-feature_vicon/install/tms_ur_speaker/share/tms_ur_speaker/package.zsh'
[6.243s] Level 1:colcon.colcon_core.environment:create_file_with_runtime_dependencies(/home/itsuka/ros2_ws/src/backup_ros2_tms-feature_vicon/install/tms_ur_speaker/share/colcon-core/packages/tms_ur_speaker)
[6.243s] DEBUG:colcon.colcon_parallel_executor.executor.parallel:closing loop
[6.244s] DEBUG:colcon.colcon_parallel_executor.executor.parallel:loop closed
[6.244s] DEBUG:colcon.colcon_parallel_executor.executor.parallel:run_until_complete finished with '0'
[6.244s] DEBUG:colcon.colcon_core.event_reactor:joining thread
[6.360s] INFO:colcon.colcon_core.plugin_system:Skipping extension 'colcon_notification.desktop_notification.terminal_notifier': Not used on non-Darwin systems
[6.360s] INFO:colcon.colcon_core.plugin_system:Skipping extension 'colcon_notification.desktop_notification.win32': Not used on non-Windows systems
[6.360s] INFO:colcon.colcon_notification.desktop_notification:Sending desktop notification using 'notify2'
[6.365s] DEBUG:colcon.colcon_core.event_reactor:joined thread
[6.366s] INFO:colcon.colcon_core.shell:Creating prefix script '/home/itsuka/ros2_ws/src/backup_ros2_tms-feature_vicon/install/local_setup.ps1'
[6.481s] INFO:colcon.colcon_core.shell:Creating prefix chain script '/home/itsuka/ros2_ws/src/backup_ros2_tms-feature_vicon/install/setup.ps1'
[6.720s] INFO:colcon.colcon_core.shell:Creating prefix script '/home/itsuka/ros2_ws/src/backup_ros2_tms-feature_vicon/install/local_setup.sh'
[6.736s] INFO:colcon.colcon_core.shell:Creating prefix chain script '/home/itsuka/ros2_ws/src/backup_ros2_tms-feature_vicon/install/setup.sh'
[6.755s] INFO:colcon.colcon_core.shell:Creating prefix script '/home/itsuka/ros2_ws/src/backup_ros2_tms-feature_vicon/install/local_setup.bash'
[6.755s] INFO:colcon.colcon_core.shell:Creating prefix chain script '/home/itsuka/ros2_ws/src/backup_ros2_tms-feature_vicon/install/setup.bash'
[6.796s] INFO:colcon.colcon_core.shell:Creating prefix script '/home/itsuka/ros2_ws/src/backup_ros2_tms-feature_vicon/install/local_setup.zsh'
[6.797s] INFO:colcon.colcon_core.shell:Creating prefix chain script '/home/itsuka/ros2_ws/src/backup_ros2_tms-feature_vicon/install/setup.zsh'
